[0mGET /products/details/6306f376b2315bf796895fc7 [32m200[0m 57.736 ms - 5701[0m
[0mGET /css/bootstrap.min.css [36m304[0m 4.630 ms - -[0m
[0mGET /products/details/js/bootstrap.min.js [33m404[0m 9.570 ms - 175[0m
[0mGET /css/styles.css [36m304[0m 14.337 ms - -[0m
[0mGET /fonts/glyphicons-halflings-regular.woff [33m404[0m 1.682 ms - 178[0m
[0mGET /fonts/glyphicons-halflings-regular.ttf [33m404[0m 1.170 ms - 177[0m
[0mGET /category [36m304[0m 28.960 ms - -[0m
[0mGET /css/bootstrap.min.css [36m304[0m 0.689 ms - -[0m
[0mGET /css/styles.css [36m304[0m 0.978 ms - -[0m
[0mGET /js/bootstrap.min.js [36m304[0m 0.790 ms - -[0m
[0mGET /fonts/glyphicons-halflings-regular.woff [33m404[0m 0.877 ms - 178[0m
[0mGET /fonts/glyphicons-halflings-regular.ttf [33m404[0m 0.835 ms - 177[0m
[0mGET /products/category/2 [32m200[0m 25.630 ms - 10916[0m
[0mGET /css/bootstrap.min.css [36m304[0m 1.472 ms - -[0m
[0mGET /css/styles.css [36m304[0m 1.787 ms - -[0m
[0mGET /products/category/js/bootstrap.min.js [33m404[0m 0.602 ms - 176[0m
[0mGET /fonts/glyphicons-halflings-regular.woff [33m404[0m 0.676 ms - 178[0m
[0mGET /fonts/glyphicons-halflings-regular.ttf [33m404[0m 1.723 ms - 177[0m
[0mGET /products/details/6306f376b2315bf796895fee [32m200[0m 31.639 ms - 5662[0m
[0mGET /css/bootstrap.min.css [36m304[0m 5.375 ms - -[0m
[0mGET /css/styles.css [36m304[0m 4.266 ms - -[0m
[0mGET /products/details/js/bootstrap.min.js [33m404[0m 3.920 ms - 175[0m
[0mGET /fonts/glyphicons-halflings-regular.woff [33m404[0m 0.854 ms - 178[0m
[0mGET /fonts/glyphicons-halflings-regular.ttf [33m404[0m 0.629 ms - 177[0m
[0mGET /products [32m200[0m 27.197 ms - 45812[0m
[0mGET /css/bootstrap.min.css [36m304[0m 3.825 ms - -[0m
[0mGET /css/styles.css [36m304[0m 5.662 ms - -[0m
[0mGET /js/bootstrap.min.js [36m304[0m 4.686 ms - -[0m
[0mGET /fonts/glyphicons-halflings-regular.woff [33m404[0m 0.818 ms - 178[0m
[0mGET /fonts/glyphicons-halflings-regular.ttf [33m404[0m 0.368 ms - 177[0m
[0mGET /products/details/6306f376b2315bf796895fc7 [32m200[0m 16.275 ms - 5657[0m
[0mGET /css/bootstrap.min.css [36m304[0m 5.415 ms - -[0m
[0mGET /css/styles.css [36m304[0m 3.694 ms - -[0m
[0mGET /products/details/js/bootstrap.min.js [33m404[0m 1.527 ms - 175[0m
[0mGET /fonts/glyphicons-halflings-regular.woff [33m404[0m 1.399 ms - 178[0m
[0mGET /fonts/glyphicons-halflings-regular.ttf [33m404[0m 0.771 ms - 177[0m
[0mGET /products [36m304[0m 15.406 ms - -[0m
[0mGET /css/bootstrap.min.css [36m304[0m 1.342 ms - -[0m
[0mGET /css/styles.css [36m304[0m 1.430 ms - -[0m
[0mGET /js/bootstrap.min.js [36m304[0m 1.513 ms - -[0m
[0mGET /fonts/glyphicons-halflings-regular.woff [33m404[0m 1.617 ms - 178[0m
[0mGET /fonts/glyphicons-halflings-regular.ttf [33m404[0m 4.568 ms - 177[0m
[0mGET /products/details/6306f376b2315bf796895ff4 [32m200[0m 22.092 ms - 5639[0m
[0mGET /products/details/js/bootstrap.min.js [33m404[0m 3.119 ms - 175[0m
[0mGET /css/bootstrap.min.css [36m304[0m 1.535 ms - -[0m
[0mGET /css/styles.css [36m304[0m 1.490 ms - -[0m
[0mGET /fonts/glyphicons-halflings-regular.woff [33m404[0m 1.559 ms - 178[0m
[0mGET /fonts/glyphicons-halflings-regular.ttf [33m404[0m 0.872 ms - 177[0m
[0mGET /products [36m304[0m 44.083 ms - -[0m
[0mGET /css/bootstrap.min.css [36m304[0m 0.989 ms - -[0m
[0mGET /css/styles.css [36m304[0m 0.337 ms - -[0m
[0mGET /js/bootstrap.min.js [36m304[0m 0.985 ms - -[0m
[0mGET /fonts/glyphicons-halflings-regular.woff [33m404[0m 0.539 ms - 178[0m
[0mGET /fonts/glyphicons-halflings-regular.ttf [33m404[0m 0.732 ms - 177[0m
[0mGET /products/details/6306f376b2315bf796895fc7 [36m304[0m 24.874 ms - -[0m
[0mGET /css/bootstrap.min.css [36m304[0m 1.546 ms - -[0m
[0mGET /css/styles.css [36m304[0m 0.776 ms - -[0m
[0mGET /products/details/js/bootstrap.min.js [33m404[0m 0.818 ms - 175[0m
[0mGET /fonts/glyphicons-halflings-regular.woff [33m404[0m 0.491 ms - 178[0m
[0mGET /fonts/glyphicons-halflings-regular.ttf [33m404[0m 0.618 ms - 177[0m
[0mGET /products [36m304[0m 25.027 ms - -[0m
[0mGET /css/bootstrap.min.css [36m304[0m 3.010 ms - -[0m
[0mGET /css/styles.css [36m304[0m 3.388 ms - -[0m
[0mGET /js/bootstrap.min.js [36m304[0m 3.278 ms - -[0m
[0mGET /fonts/glyphicons-halflings-regular.woff [33m404[0m 0.578 ms - 178[0m
[0mGET /fonts/glyphicons-halflings-regular.ttf [33m404[0m 0.994 ms - 177[0m
[0mGET /products/details/6306f376b2315bf796895ff0 [32m200[0m 32.472 ms - 5666[0m
[0mGET /css/bootstrap.min.css [36m304[0m 2.582 ms - -[0m
[0mGET /css/styles.css [36m304[0m 1.026 ms - -[0m
[0mGET /products/details/js/bootstrap.min.js [33m404[0m 1.075 ms - 175[0m
[0mGET /fonts/glyphicons-halflings-regular.woff [33m404[0m 0.969 ms - 178[0m
[0mGET /fonts/glyphicons-halflings-regular.ttf [33m404[0m 0.536 ms - 177[0m
[0mGET /category [36m304[0m 13.103 ms - -[0m
[0mGET /css/bootstrap.min.css [36m304[0m 0.571 ms - -[0m
[0mGET /css/styles.css [36m304[0m 1.033 ms - -[0m
[0mGET /js/bootstrap.min.js [36m304[0m 1.298 ms - -[0m
[0mGET /fonts/glyphicons-halflings-regular.woff [33m404[0m 0.453 ms - 178[0m
[0mGET /fonts/glyphicons-halflings-regular.ttf [33m404[0m 0.671 ms - 177[0m
[0mGET /products/category/2 [36m304[0m 20.249 ms - -[0m
[0mGET /css/bootstrap.min.css [36m304[0m 0.639 ms - -[0m
[0mGET /css/styles.css [36m304[0m 5.705 ms - -[0m
[0mGET /products/category/js/bootstrap.min.js [33m404[0m 0.606 ms - 176[0m
[0mGET /fonts/glyphicons-halflings-regular.woff [33m404[0m 0.963 ms - 178[0m
[0mGET /fonts/glyphicons-halflings-regular.ttf [33m404[0m 0.547 ms - 177[0m
[0mGET /products/details/6306f376b2315bf796895fef [32m200[0m 19.441 ms - 5667[0m
[0mGET /products/details/js/bootstrap.min.js [33m404[0m 3.530 ms - 175[0m
[0mGET /css/bootstrap.min.css [36m304[0m 2.614 ms - -[0m
[0mGET /css/styles.css [36m304[0m 2.008 ms - -[0m
[0mGET /fonts/glyphicons-halflings-regular.woff [33m404[0m 0.999 ms - 178[0m
[0mGET /fonts/glyphicons-halflings-regular.ttf [33m404[0m 0.594 ms - 177[0m
[0mGET /category [36m304[0m 19.615 ms - -[0m
[0mGET /css/bootstrap.min.css [36m304[0m 1.423 ms - -[0m
[0mGET /css/styles.css [36m304[0m 2.713 ms - -[0m
[0mGET /js/bootstrap.min.js [36m304[0m 2.690 ms - -[0m
[0mGET /fonts/glyphicons-halflings-regular.woff [33m404[0m 0.956 ms - 178[0m
[0mGET /fonts/glyphicons-halflings-regular.ttf [33m404[0m 0.413 ms - 177[0m
[0mGET /products/category/1 [36m304[0m 23.567 ms - -[0m
[0mGET /css/bootstrap.min.css [36m304[0m 2.497 ms - -[0m
[0mGET /css/styles.css [36m304[0m 2.742 ms - -[0m
[0mGET /products/category/js/bootstrap.min.js [33m404[0m 0.935 ms - 176[0m
[0mGET /fonts/glyphicons-halflings-regular.woff [33m404[0m 0.490 ms - 178[0m
[0mGET /fonts/glyphicons-halflings-regular.ttf [33m404[0m 0.639 ms - 177[0m
[0mGET /products/details/6306f376b2315bf796895fc7 [36m304[0m 21.484 ms - -[0m
[0mGET /css/bootstrap.min.css [36m304[0m 5.238 ms - -[0m
[0mGET /css/styles.css [36m304[0m 5.534 ms - -[0m
[0mGET /products/details/js/bootstrap.min.js [33m404[0m 2.120 ms - 175[0m
[0mGET /fonts/glyphicons-halflings-regular.woff [33m404[0m 2.187 ms - 178[0m
[0mGET /fonts/glyphicons-halflings-regular.ttf [33m404[0m 1.069 ms - 177[0m
[0mGET /category [36m304[0m 11.696 ms - -[0m
[0mGET /css/bootstrap.min.css [36m304[0m 1.078 ms - -[0m
[0mGET /css/styles.css [36m304[0m 1.182 ms - -[0m
[0mGET /js/bootstrap.min.js [36m304[0m 0.416 ms - -[0m
[0mGET /fonts/glyphicons-halflings-regular.woff [33m404[0m 2.055 ms - 178[0m
[0mGET /fonts/glyphicons-halflings-regular.ttf [33m404[0m 0.480 ms - 177[0m
[0mGET /category [36m304[0m 34.999 ms - -[0m
[0mGET /css/bootstrap.min.css [36m304[0m 1.045 ms - -[0m
[0mGET /css/styles.css [36m304[0m 0.849 ms - -[0m
[0mGET /js/bootstrap.min.js [36m304[0m 0.430 ms - -[0m
[0mGET /fonts/glyphicons-halflings-regular.woff [33m404[0m 0.752 ms - 178[0m
[0mGET /fonts/glyphicons-halflings-regular.ttf [33m404[0m 0.429 ms - 177[0m
[0mGET /products/category/1 [36m304[0m 39.617 ms - -[0m
[0mGET /css/bootstrap.min.css [36m304[0m 0.512 ms - -[0m
[0mGET /css/styles.css [36m304[0m 0.411 ms - -[0m
[0mGET /products/category/js/bootstrap.min.js [33m404[0m 0.500 ms - 176[0m
[0mGET /fonts/glyphicons-halflings-regular.woff [33m404[0m 0.672 ms - 178[0m
[0mGET /fonts/glyphicons-halflings-regular.ttf [33m404[0m 0.419 ms - 177[0m
[0mGET /products/details/6306f376b2315bf796895fc7 [36m304[0m 22.663 ms - -[0m
[0mGET /css/bootstrap.min.css [36m304[0m 2.257 ms - -[0m
[0mGET /css/styles.css [36m304[0m 2.193 ms - -[0m
[0mGET /products/details/js/bootstrap.min.js [33m404[0m 2.339 ms - 175[0m
[0mGET /fonts/glyphicons-halflings-regular.woff [33m404[0m 0.730 ms - 178[0m
[0mGET /fonts/glyphicons-halflings-regular.ttf [33m404[0m 1.704 ms - 177[0m
